[debug] [2024-06-03T04:44:10.913Z] ----------------------------------------------------------------------
[debug] [2024-06-03T04:44:10.917Z] Command:       C:\Program Files\nodejs\node.exe C:\Users\DKOZHAKMETOV\AppData\Roaming\npm\node_modules\firebase-tools\lib\bin\firebase.js init
[debug] [2024-06-03T04:44:10.917Z] CLI Version:   13.9.0
[debug] [2024-06-03T04:44:10.918Z] Platform:      win32
[debug] [2024-06-03T04:44:10.918Z] Node Version:  v21.7.3
[debug] [2024-06-03T04:44:10.918Z] Time:          Mon Jun 03 2024 09:44:10 GMT+0500 (Западный Казахстан)
[debug] [2024-06-03T04:44:10.918Z] ----------------------------------------------------------------------
[debug] 
[debug] [2024-06-03T04:44:10.994Z] > command requires scopes: ["email","openid","https://www.googleapis.com/auth/cloudplatformprojects.readonly","https://www.googleapis.com/auth/firebase","https://www.googleapis.com/auth/cloud-platform"]
[debug] [2024-06-03T04:44:10.994Z] > authorizing via signed-in user (daniyalkozhakmetov@gmail.com)
[info] 
     ######## #### ########  ######## ########     ###     ######  ########
     ##        ##  ##     ## ##       ##     ##  ##   ##  ##       ##
     ######    ##  ########  ######   ########  #########  ######  ######
     ##        ##  ##    ##  ##       ##     ## ##     ##       ## ##
     ##       #### ##     ## ######## ########  ##     ##  ######  ########

You're about to initialize a Firebase project in this directory:

  C:\Users\DKOZHAKMETOV\Desktop\next-tut\next-tut

Before we get started, keep in mind:

  * You are initializing within an existing Firebase project directory

[info] 
=== Project Setup
[info] 
[info] First, let's associate this project directory with a Firebase project.
[info] You can create multiple project aliases by running firebase use --add, 
[info] but for now we'll just set up a default project.
[info] 
[debug] [2024-06-03T04:44:15.388Z] Using project from CLI flag: ugers-e3073
[debug] [2024-06-03T04:44:15.390Z] >>> [apiv2][query] GET https://firebase.googleapis.com/v1beta1/projects/ugers-e3073 [none]
[debug] [2024-06-03T04:44:15.918Z] <<< [apiv2][status] GET https://firebase.googleapis.com/v1beta1/projects/ugers-e3073 200
[debug] [2024-06-03T04:44:15.918Z] <<< [apiv2][body] GET https://firebase.googleapis.com/v1beta1/projects/ugers-e3073 {"projectId":"ugers-e3073","projectNumber":"797443845514","displayName":"ugers","name":"projects/ugers-e3073","resources":{"hostingSite":"ugers-e3073","storageBucket":"ugers-e3073.appspot.com","locationId":"us-central"},"state":"ACTIVE","etag":"1_85cd3ac5-e982-4f2e-83d4-6966effaeaf3"}
[info] i  Using project ugers-e3073 (ugers) 
[info] 
=== Hosting Setup
[debug] [2024-06-03T04:44:15.931Z] >>> [apiv2][query] GET https://firebase.googleapis.com/v1beta1/projects/ugers-e3073 [none]
[debug] [2024-06-03T04:44:16.249Z] <<< [apiv2][status] GET https://firebase.googleapis.com/v1beta1/projects/ugers-e3073 200
[debug] [2024-06-03T04:44:16.250Z] <<< [apiv2][body] GET https://firebase.googleapis.com/v1beta1/projects/ugers-e3073 {"projectId":"ugers-e3073","projectNumber":"797443845514","displayName":"ugers","name":"projects/ugers-e3073","resources":{"hostingSite":"ugers-e3073","storageBucket":"ugers-e3073.appspot.com","locationId":"us-central"},"state":"ACTIVE","etag":"1_85cd3ac5-e982-4f2e-83d4-6966effaeaf3"}
[info] 
[info] Your public directory is the folder (relative to your project directory) that
[info] will contain Hosting assets to be uploaded with firebase deploy. If you
[info] have a build process for your assets, use your build's output directory.
[info] 
